make --dry-run --always-make --keep-going --print-directory
make: Entering directory `/Users/eliezerzuniga/Documents/metodologia diseño/problema2'
mkdir -p obj obj/man obj/fabrica obj/fabrica/habilidades obj/fabrica/luchadores obj/fabrica/protectores obj/jugador obj/ambiente obj/estrategia obj/estrategia/luchador obj/estrategia/luchador/decorador obj/estrategia/habilidad obj/estrategia/observador
mkdir -p obj obj/man obj/fabrica obj/fabrica/habilidades obj/fabrica/luchadores obj/fabrica/protectores obj/jugador obj/ambiente obj/estrategia obj/estrategia/luchador obj/estrategia/luchador/decorador obj/estrategia/habilidad obj/estrategia/observador
mkdir -p obj obj/man obj/fabrica obj/fabrica/habilidades obj/fabrica/luchadores obj/fabrica/protectores obj/jugador obj/ambiente obj/estrategia obj/estrategia/luchador obj/estrategia/luchador/decorador obj/estrategia/habilidad obj/estrategia/observador
mkdir -p obj obj/man obj/fabrica obj/fabrica/habilidades obj/fabrica/luchadores obj/fabrica/protectores obj/jugador obj/ambiente obj/estrategia obj/estrategia/luchador obj/estrategia/luchador/decorador obj/estrategia/habilidad obj/estrategia/observador
mkdir -p obj obj/man obj/fabrica obj/fabrica/habilidades obj/fabrica/luchadores obj/fabrica/protectores obj/jugador obj/ambiente obj/estrategia obj/estrategia/luchador obj/estrategia/luchador/decorador obj/estrategia/habilidad obj/estrategia/observador
mkdir -p obj obj/man obj/fabrica obj/fabrica/habilidades obj/fabrica/luchadores obj/fabrica/protectores obj/jugador obj/ambiente obj/estrategia obj/estrategia/luchador obj/estrategia/luchador/decorador obj/estrategia/habilidad obj/estrategia/observador
mkdir -p obj obj/man obj/fabrica obj/fabrica/habilidades obj/fabrica/luchadores obj/fabrica/protectores obj/jugador obj/ambiente obj/estrategia obj/estrategia/luchador obj/estrategia/luchador/decorador obj/estrategia/habilidad obj/estrategia/observador
mkdir -p obj obj/man obj/fabrica obj/fabrica/habilidades obj/fabrica/luchadores obj/fabrica/protectores obj/jugador obj/ambiente obj/estrategia obj/estrategia/luchador obj/estrategia/luchador/decorador obj/estrategia/habilidad obj/estrategia/observador
mkdir -p obj obj/man obj/fabrica obj/fabrica/habilidades obj/fabrica/luchadores obj/fabrica/protectores obj/jugador obj/ambiente obj/estrategia obj/estrategia/luchador obj/estrategia/luchador/decorador obj/estrategia/habilidad obj/estrategia/observador
mkdir -p obj obj/man obj/fabrica obj/fabrica/habilidades obj/fabrica/luchadores obj/fabrica/protectores obj/jugador obj/ambiente obj/estrategia obj/estrategia/luchador obj/estrategia/luchador/decorador obj/estrategia/habilidad obj/estrategia/observador
mkdir -p obj obj/man obj/fabrica obj/fabrica/habilidades obj/fabrica/luchadores obj/fabrica/protectores obj/jugador obj/ambiente obj/estrategia obj/estrategia/luchador obj/estrategia/luchador/decorador obj/estrategia/habilidad obj/estrategia/observador
mkdir -p obj obj/man obj/fabrica obj/fabrica/habilidades obj/fabrica/luchadores obj/fabrica/protectores obj/jugador obj/ambiente obj/estrategia obj/estrategia/luchador obj/estrategia/luchador/decorador obj/estrategia/habilidad obj/estrategia/observador
mkdir -p obj obj/man obj/fabrica obj/fabrica/habilidades obj/fabrica/luchadores obj/fabrica/protectores obj/jugador obj/ambiente obj/estrategia obj/estrategia/luchador obj/estrategia/luchador/decorador obj/estrategia/habilidad obj/estrategia/observador
javac src/man/FightManager.java -cp src -d obj
 
javac src/FightEngine.java -cp src -d obj
 
javac src/fabrica/habilidades/MagiaFactory.java -cp src -d obj
javac src/fabrica/habilidades/FuerzaFactory.java -cp src -d obj
 
javac src/fabrica/habilidades/ElasticoFactory.java -cp src -d obj
 
javac src/fabrica/habilidades/NormalFactory.java -cp src -d obj
 
javac src/fabrica/Factory.java -cp src -d obj
 
javac src/fabrica/luchadores/MineroFactory.java -cp src -d obj
javac src/fabrica/luchadores/AleatoryFghtFtry.java -cp src -d obj
javac src/fabrica/luchadores/CaleranoFactory.java -cp src -d obj
 
javac src/fabrica/luchadores/ChoroFactory.java -cp src -d obj
javac src/fabrica/protectores/ArmourFactory.java -cp src -d obj
javac src/fabrica/protectores/NoneFactory.java -cp src -d obj
 
javac src/fabrica/protectores/BucalFactory.java -cp src -d obj
javac src/PlayExtremeFighter.java -cp src -d obj
 
javac src/jugador/Cpu.java -cp src -d obj
javac src/jugador/User.java -cp src -d obj
javac src/jugador/Player.java -cp src -d obj
 
javac src/ambiente/Environment.java -cp src -d obj
javac src/ambiente/FightEnvironment.java -cp src -d obj
javac src/ambiente/RoundEnvironment.java -cp src -d obj
javac src/ambiente/SelectEnvironment.java -cp src -d obj
 
javac src/estrategia/Damageable.java -cp src -d obj
javac src/estrategia/luchador/MineroWarrior.java -cp src -d obj
javac src/estrategia/luchador/decorador/Armour.java -cp src -d obj
 
javac src/estrategia/luchador/decorador/Bucal.java -cp src -d obj
javac src/estrategia/luchador/decorador/ComponentProtector.java -cp src -d obj
javac src/estrategia/luchador/decorador/None.java -cp src -d obj
 
javac src/estrategia/luchador/Luchador.java -cp src -d obj
javac src/estrategia/luchador/ChoroPortenho.java -cp src -d obj
javac src/estrategia/luchador/Calerano.java -cp src -d obj
javac src/estrategia/Component.java -cp src -d obj
 
javac src/estrategia/habilidad/Magia.java -cp src -d obj
 
javac src/estrategia/habilidad/Elastico.java -cp src -d obj
javac src/estrategia/habilidad/Fuerza.java -cp src -d obj
javac src/estrategia/habilidad/Habilidad.java -cp src -d obj
javac src/estrategia/habilidad/Normal.java -cp src -d obj
 
javac src/estrategia/observador/Referee.java -cp src -d obj
java -cp obj src/PlayExtremeFighter.java
make: Leaving directory `/Users/eliezerzuniga/Documents/metodologia diseño/problema2'
 
